1655125058403	geckodriver	INFO	Listening on 127.0.0.1:50589
1655125058916	mozrunner::runner	INFO	Running command: "/Applications/Firefox.app/Contents/MacOS/firefox-bin" "--marionette" "--remote-debugging-port" "50590" "--remote-allow-hosts" "localhost" "-foreground" "-no-remote" "-profile" "/var/folders/d4/k23gj2v97m98_30yp3r83fb80000gn/T/rust_mozprofileJb9IkJ"
1655125059395	Marionette	INFO	Marionette enabled
2022-06-13 09:57:39.441 plugin-container[2899:58826] nil host used in call to allowsSpecificHTTPSCertificateForHost
2022-06-13 09:57:39.456 plugin-container[2899:58826] nil host used in call to allowsAnyHTTPSCertificateForHost:
WebDriver BiDi listening on ws://localhost:50590
2022-06-13 09:57:39.490 plugin-container[2899:58826] nil host used in call to allowsSpecificHTTPSCertificateForHost
2022-06-13 09:57:39.490 plugin-container[2899:58826] nil host used in call to allowsAnyHTTPSCertificateForHost:
2022-06-13 09:57:39.490 plugin-container[2899:58853] nil host used in call to allowsSpecificHTTPSCertificateForHost
2022-06-13 09:57:39.490 plugin-container[2899:58853] nil host used in call to allowsAnyHTTPSCertificateForHost:
2022-06-13 09:57:40.115 firefox-bin[2896:58726] Warning: Expected min height of view: (<NSButton: 0x12a42c400>) to be less than or equal to 30 but got a height of 32.000000. This error will be logged once per view in violation.
2022-06-13 09:57:40.116 firefox-bin[2896:58726] Warning: Expected min height of view: (<NSButton: 0x12a574c00>) to be less than or equal to 30 but got a height of 32.000000. This error will be logged once per view in violation.
2022-06-13 09:57:40.116 firefox-bin[2896:58726] Warning: Expected min height of view: (<NSButton: 0x12a56f800>) to be less than or equal to 30 but got a height of 32.000000. This error will be logged once per view in violation.
2022-06-13 09:57:40.117 firefox-bin[2896:58726] Warning: Expected min height of view: (<NSButton: 0x12a572000>) to be less than or equal to 30 but got a height of 32.000000. This error will be logged once per view in violation.
2022-06-13 09:57:40.118 firefox-bin[2896:58726] Warning: Expected min height of view: (<NSButton: 0x12a574000>) to be less than or equal to 30 but got a height of 32.000000. This error will be logged once per view in violation.
2022-06-13 09:57:40.118 firefox-bin[2896:58726] Warning: Expected min height of view: (<NSPopoverTouchBarItemButton: 0x12a575000>) to be less than or equal to 30 but got a height of 32.000000. This error will be logged once per view in violation.
2022-06-13 09:57:40.119 firefox-bin[2896:58726] Warning: Expected min height of view: (<NSPopoverTouchBarItemButton: 0x121e98000>) to be less than or equal to 30 but got a height of 32.000000. This error will be logged once per view in violation.
console.warn: SearchSettings: "get: No settings file exists, new profile?" (new NotFoundError("Could not open the file at /var/folders/d4/k23gj2v97m98_30yp3r83fb80000gn/T/rust_mozprofileJb9IkJ/search.json.mozlz4", (void 0)))
console.error: BackgroundUpdate: 
  _reasonsToNotScheduleUpdates: Failed to check for Maintenance Service Registry Key: [Exception... "Component returned failure code: 0x80004001 (NS_ERROR_NOT_IMPLEMENTED) [nsIUpdateProcessor.getServiceRegKeyExists]"  nsresult: "0x80004001 (NS_ERROR_NOT_IMPLEMENTED)"  location: "JS frame :: resource://gre/modules/BackgroundUpdate.jsm :: _reasonsToNotScheduleUpdates :: line 241"  data: no]
1655125061197	Marionette	INFO	Listening on port 50601
DevTools listening on ws://localhost:50590/devtools/browser/8ab18963-5305-40dd-8784-9d3f0c7638bf
Read port: 50601
1655125061298	RemoteAgent	WARN	TLS certificate errors will be ignored for this session
1655126131354	geckodriver	INFO	Listening on 127.0.0.1:50774
1655126131866	mozrunner::runner	INFO	Running command: "/Applications/Firefox.app/Contents/MacOS/firefox-bin" "--marionette" "--remote-debugging-port" "50775" "--remote-allow-hosts" "localhost" "-foreground" "-no-remote" "-profile" "/var/folders/d4/k23gj2v97m98_30yp3r83fb80000gn/T/rust_mozprofileeas7Yl"
1655126132233	Marionette	INFO	Marionette enabled
2022-06-13 10:15:32.235 plugin-container[3194:69500] nil host used in call to allowsSpecificHTTPSCertificateForHost
2022-06-13 10:15:32.235 plugin-container[3194:69500] nil host used in call to allowsAnyHTTPSCertificateForHost:
WebDriver BiDi listening on ws://localhost:50775
2022-06-13 10:15:32.286 plugin-container[3194:69500] nil host used in call to allowsSpecificHTTPSCertificateForHost
2022-06-13 10:15:32.286 plugin-container[3194:69500] nil host used in call to allowsAnyHTTPSCertificateForHost:
2022-06-13 10:15:32.287 plugin-container[3194:69523] nil host used in call to allowsSpecificHTTPSCertificateForHost
2022-06-13 10:15:32.287 plugin-container[3194:69523] nil host used in call to allowsAnyHTTPSCertificateForHost:
2022-06-13 10:15:32.919 firefox-bin[3191:69409] Warning: Expected min height of view: (<NSButton: 0x125aac000>) to be less than or equal to 30 but got a height of 32.000000. This error will be logged once per view in violation.
2022-06-13 10:15:32.920 firefox-bin[3191:69409] Warning: Expected min height of view: (<NSButton: 0x12682d400>) to be less than or equal to 30 but got a height of 32.000000. This error will be logged once per view in violation.
2022-06-13 10:15:32.921 firefox-bin[3191:69409] Warning: Expected min height of view: (<NSButton: 0x12682dc00>) to be less than or equal to 30 but got a height of 32.000000. This error will be logged once per view in violation.
2022-06-13 10:15:32.921 firefox-bin[3191:69409] Warning: Expected min height of view: (<NSButton: 0x126832000>) to be less than or equal to 30 but got a height of 32.000000. This error will be logged once per view in violation.
2022-06-13 10:15:32.922 firefox-bin[3191:69409] Warning: Expected min height of view: (<NSButton: 0x12682f000>) to be less than or equal to 30 but got a height of 32.000000. This error will be logged once per view in violation.
2022-06-13 10:15:32.922 firefox-bin[3191:69409] Warning: Expected min height of view: (<NSPopoverTouchBarItemButton: 0x126868000>) to be less than or equal to 30 but got a height of 32.000000. This error will be logged once per view in violation.
2022-06-13 10:15:32.923 firefox-bin[3191:69409] Warning: Expected min height of view: (<NSPopoverTouchBarItemButton: 0x11d7bf000>) to be less than or equal to 30 but got a height of 32.000000. This error will be logged once per view in violation.
console.warn: SearchSettings: "get: No settings file exists, new profile?" (new NotFoundError("Could not open the file at /var/folders/d4/k23gj2v97m98_30yp3r83fb80000gn/T/rust_mozprofileeas7Yl/search.json.mozlz4", (void 0)))
console.error: BackgroundUpdate: 
  _reasonsToNotScheduleUpdates: Failed to check for Maintenance Service Registry Key: [Exception... "Component returned failure code: 0x80004001 (NS_ERROR_NOT_IMPLEMENTED) [nsIUpdateProcessor.getServiceRegKeyExists]"  nsresult: "0x80004001 (NS_ERROR_NOT_IMPLEMENTED)"  location: "JS frame :: resource://gre/modules/BackgroundUpdate.jsm :: _reasonsToNotScheduleUpdates :: line 241"  data: no]
1655126134015	Marionette	INFO	Listening on port 50786
DevTools listening on ws://localhost:50775/devtools/browser/75967722-e593-4720-a2e1-ffeb644bbc61
Read port: 50786
1655126134122	RemoteAgent	WARN	TLS certificate errors will be ignored for this session
1655134108512	geckodriver	INFO	Listening on 127.0.0.1:52145
1655134109026	mozrunner::runner	INFO	Running command: "/Applications/Firefox.app/Contents/MacOS/firefox-bin" "--marionette" "--remote-debugging-port" "52146" "--remote-allow-hosts" "localhost" "-foreground" "-no-remote" "-profile" "/var/folders/d4/k23gj2v97m98_30yp3r83fb80000gn/T/rust_mozprofilew4ni7o"
2022-06-13 12:28:29.451 plugin-container[9349:163482] nil host used in call to allowsSpecificHTTPSCertificateForHost
2022-06-13 12:28:29.452 plugin-container[9349:163482] nil host used in call to allowsAnyHTTPSCertificateForHost:
1655134109452	Marionette	INFO	Marionette enabled
2022-06-13 12:28:29.484 plugin-container[9349:163482] nil host used in call to allowsSpecificHTTPSCertificateForHost
2022-06-13 12:28:29.484 plugin-container[9349:163482] nil host used in call to allowsAnyHTTPSCertificateForHost:
2022-06-13 12:28:29.484 plugin-container[9349:163514] nil host used in call to allowsSpecificHTTPSCertificateForHost
2022-06-13 12:28:29.484 plugin-container[9349:163514] nil host used in call to allowsAnyHTTPSCertificateForHost:
WebDriver BiDi listening on ws://localhost:52146
2022-06-13 12:28:30.133 firefox-bin[9348:163400] Warning: Expected min height of view: (<NSButton: 0x12a22ac00>) to be less than or equal to 30 but got a height of 32.000000. This error will be logged once per view in violation.
2022-06-13 12:28:30.133 firefox-bin[9348:163400] Warning: Expected min height of view: (<NSButton: 0x12a499c00>) to be less than or equal to 30 but got a height of 32.000000. This error will be logged once per view in violation.
2022-06-13 12:28:30.134 firefox-bin[9348:163400] Warning: Expected min height of view: (<NSButton: 0x12a49a400>) to be less than or equal to 30 but got a height of 32.000000. This error will be logged once per view in violation.
2022-06-13 12:28:30.135 firefox-bin[9348:163400] Warning: Expected min height of view: (<NSButton: 0x12a4c4400>) to be less than or equal to 30 but got a height of 32.000000. This error will be logged once per view in violation.
2022-06-13 12:28:30.135 firefox-bin[9348:163400] Warning: Expected min height of view: (<NSButton: 0x12a4c4800>) to be less than or equal to 30 but got a height of 32.000000. This error will be logged once per view in violation.
2022-06-13 12:28:30.136 firefox-bin[9348:163400] Warning: Expected min height of view: (<NSPopoverTouchBarItemButton: 0x12a4c0c00>) to be less than or equal to 30 but got a height of 32.000000. This error will be logged once per view in violation.
2022-06-13 12:28:30.136 firefox-bin[9348:163400] Warning: Expected min height of view: (<NSPopoverTouchBarItemButton: 0x121d94400>) to be less than or equal to 30 but got a height of 32.000000. This error will be logged once per view in violation.
console.warn: SearchSettings: "get: No settings file exists, new profile?" (new NotFoundError("Could not open the file at /var/folders/d4/k23gj2v97m98_30yp3r83fb80000gn/T/rust_mozprofilew4ni7o/search.json.mozlz4", (void 0)))
console.error: BackgroundUpdate: 
  _reasonsToNotScheduleUpdates: Failed to check for Maintenance Service Registry Key: [Exception... "Component returned failure code: 0x80004001 (NS_ERROR_NOT_IMPLEMENTED) [nsIUpdateProcessor.getServiceRegKeyExists]"  nsresult: "0x80004001 (NS_ERROR_NOT_IMPLEMENTED)"  location: "JS frame :: resource://gre/modules/BackgroundUpdate.jsm :: _reasonsToNotScheduleUpdates :: line 241"  data: no]
1655134111181	Marionette	INFO	Listening on port 52157
Read port: 52157
1655134111194	RemoteAgent	WARN	TLS certificate errors will be ignored for this session
DevTools listening on ws://localhost:52146/devtools/browser/7e6078ff-4a4d-4b19-9050-e6f159cf9069
1655142602974	geckodriver	INFO	Listening on 127.0.0.1:53267
1655142603273	mozrunner::runner	INFO	Running command: "/Applications/Firefox.app/Contents/MacOS/firefox-bin" "--marionette" "--remote-debugging-port" "53268" "--remote-allow-hosts" "localhost" "-foreground" "-no-remote" "-profile" "/var/folders/d4/k23gj2v97m98_30yp3r83fb80000gn/T/rust_mozprofilew4C12Y"
1655142603815	Marionette	INFO	Marionette enabled
2022-06-13 14:50:03.827 plugin-container[11570:222461] nil host used in call to allowsSpecificHTTPSCertificateForHost
2022-06-13 14:50:03.827 plugin-container[11570:222461] nil host used in call to allowsAnyHTTPSCertificateForHost:
2022-06-13 14:50:03.853 plugin-container[11570:222461] nil host used in call to allowsSpecificHTTPSCertificateForHost
2022-06-13 14:50:03.853 plugin-container[11570:222461] nil host used in call to allowsAnyHTTPSCertificateForHost:
2022-06-13 14:50:03.853 plugin-container[11570:222463] nil host used in call to allowsSpecificHTTPSCertificateForHost
2022-06-13 14:50:03.853 plugin-container[11570:222463] nil host used in call to allowsAnyHTTPSCertificateForHost:
WebDriver BiDi listening on ws://localhost:53268
2022-06-13 14:50:04.590 firefox-bin[11567:222367] Warning: Expected min height of view: (<NSButton: 0x12f41fc00>) to be less than or equal to 30 but got a height of 32.000000. This error will be logged once per view in violation.
2022-06-13 14:50:04.590 firefox-bin[11567:222367] Warning: Expected min height of view: (<NSButton: 0x12f6a3c00>) to be less than or equal to 30 but got a height of 32.000000. This error will be logged once per view in violation.
2022-06-13 14:50:04.591 firefox-bin[11567:222367] Warning: Expected min height of view: (<NSButton: 0x12f6a8800>) to be less than or equal to 30 but got a height of 32.000000. This error will be logged once per view in violation.
2022-06-13 14:50:04.592 firefox-bin[11567:222367] Warning: Expected min height of view: (<NSButton: 0x12f6cb400>) to be less than or equal to 30 but got a height of 32.000000. This error will be logged once per view in violation.
2022-06-13 14:50:04.592 firefox-bin[11567:222367] Warning: Expected min height of view: (<NSButton: 0x12f6cd000>) to be less than or equal to 30 but got a height of 32.000000. This error will be logged once per view in violation.
2022-06-13 14:50:04.593 firefox-bin[11567:222367] Warning: Expected min height of view: (<NSPopoverTouchBarItemButton: 0x12f6c6000>) to be less than or equal to 30 but got a height of 32.000000. This error will be logged once per view in violation.
2022-06-13 14:50:04.594 firefox-bin[11567:222367] Warning: Expected min height of view: (<NSPopoverTouchBarItemButton: 0x126f98000>) to be less than or equal to 30 but got a height of 32.000000. This error will be logged once per view in violation.
console.warn: SearchSettings: "get: No settings file exists, new profile?" (new NotFoundError("Could not open the file at /var/folders/d4/k23gj2v97m98_30yp3r83fb80000gn/T/rust_mozprofilew4C12Y/search.json.mozlz4", (void 0)))
console.error: BackgroundUpdate: 
  _reasonsToNotScheduleUpdates: Failed to check for Maintenance Service Registry Key: [Exception... "Component returned failure code: 0x80004001 (NS_ERROR_NOT_IMPLEMENTED) [nsIUpdateProcessor.getServiceRegKeyExists]"  nsresult: "0x80004001 (NS_ERROR_NOT_IMPLEMENTED)"  location: "JS frame :: resource://gre/modules/BackgroundUpdate.jsm :: _reasonsToNotScheduleUpdates :: line 241"  data: no]
1655142605878	Marionette	INFO	Listening on port 53281
DevTools listening on ws://localhost:53268/devtools/browser/88c8edf0-799d-4adb-8d35-c2ce3335b6ee
Read port: 53281
1655142605942	RemoteAgent	WARN	TLS certificate errors will be ignored for this session
1655142606079	Marionette	INFO	Stopped listening on port 53281

###!!! [Parent][PImageBridgeParent] Error: RunMessage(msgname=PImageBridge::Msg_WillClose) Channel closing: too late to send/recv, messages will be lost

2022-06-13 14:57:08.973 firefox-bin[9348:163400] Warning: Expected min height of view: (<NSButton: 0x11be76000>) to be less than or equal to 30 but got a height of 32.000000. This error will be logged once per view in violation.
2022-06-13 14:57:08.975 firefox-bin[9348:163400] Warning: Expected min height of view: (<NSButton: 0x122cd5c00>) to be less than or equal to 30 but got a height of 32.000000. This error will be logged once per view in violation.
2022-06-13 14:57:08.976 firefox-bin[9348:163400] Warning: Expected min height of view: (<NSButton: 0x122cd4c00>) to be less than or equal to 30 but got a height of 32.000000. This error will be logged once per view in violation.
2022-06-13 14:57:08.977 firefox-bin[9348:163400] Warning: Expected min height of view: (<NSButton: 0x12a225c00>) to be less than or equal to 30 but got a height of 32.000000. This error will be logged once per view in violation.
2022-06-13 14:57:08.977 firefox-bin[9348:163400] Warning: Expected min height of view: (<NSButton: 0x133496800>) to be less than or equal to 30 but got a height of 32.000000. This error will be logged once per view in violation.
2022-06-13 14:57:08.978 firefox-bin[9348:163400] Warning: Expected min height of view: (<NSPopoverTouchBarItemButton: 0x167171000>) to be less than or equal to 30 but got a height of 32.000000. This error will be logged once per view in violation.
2022-06-13 14:57:08.978 firefox-bin[9348:163400] Warning: Expected min height of view: (<NSPopoverTouchBarItemButton: 0x167174800>) to be less than or equal to 30 but got a height of 32.000000. This error will be logged once per view in violation.
1655143030845	Marionette	INFO	Stopped listening on port 52157
1655143226616	geckodriver	INFO	Listening on 127.0.0.1:53402
1655143227126	mozrunner::runner	INFO	Running command: "/Applications/Firefox.app/Contents/MacOS/firefox-bin" "--marionette" "--remote-debugging-port" "53403" "--remote-allow-hosts" "localhost" "-foreground" "-no-remote" "-profile" "/var/folders/d4/k23gj2v97m98_30yp3r83fb80000gn/T/rust_mozprofilepn5iEi"
2022-06-13 15:00:27.617 plugin-container[11689:229208] nil host used in call to allowsSpecificHTTPSCertificateForHost
2022-06-13 15:00:27.618 plugin-container[11689:229208] nil host used in call to allowsAnyHTTPSCertificateForHost:
2022-06-13 15:00:27.624 plugin-container[11689:229208] nil host used in call to allowsSpecificHTTPSCertificateForHost
2022-06-13 15:00:27.624 plugin-container[11689:229208] nil host used in call to allowsAnyHTTPSCertificateForHost:
2022-06-13 15:00:27.624 plugin-container[11689:229206] nil host used in call to allowsSpecificHTTPSCertificateForHost
2022-06-13 15:00:27.625 plugin-container[11689:229206] nil host used in call to allowsAnyHTTPSCertificateForHost:
1655143227627	Marionette	INFO	Marionette enabled
WebDriver BiDi listening on ws://localhost:53403
2022-06-13 15:00:28.402 firefox-bin[11686:229125] Warning: Expected min height of view: (<NSButton: 0x12c529000>) to be less than or equal to 30 but got a height of 32.000000. This error will be logged once per view in violation.
2022-06-13 15:00:28.403 firefox-bin[11686:229125] Warning: Expected min height of view: (<NSButton: 0x12c672000>) to be less than or equal to 30 but got a height of 32.000000. This error will be logged once per view in violation.
2022-06-13 15:00:28.404 firefox-bin[11686:229125] Warning: Expected min height of view: (<NSButton: 0x12c672800>) to be less than or equal to 30 but got a height of 32.000000. This error will be logged once per view in violation.
2022-06-13 15:00:28.405 firefox-bin[11686:229125] Warning: Expected min height of view: (<NSButton: 0x12c66d800>) to be less than or equal to 30 but got a height of 32.000000. This error will be logged once per view in violation.
2022-06-13 15:00:28.405 firefox-bin[11686:229125] Warning: Expected min height of view: (<NSButton: 0x12c66e000>) to be less than or equal to 30 but got a height of 32.000000. This error will be logged once per view in violation.
2022-06-13 15:00:28.406 firefox-bin[11686:229125] Warning: Expected min height of view: (<NSPopoverTouchBarItemButton: 0x12c694800>) to be less than or equal to 30 but got a height of 32.000000. This error will be logged once per view in violation.
2022-06-13 15:00:28.406 firefox-bin[11686:229125] Warning: Expected min height of view: (<NSPopoverTouchBarItemButton: 0x11a8b7c00>) to be less than or equal to 30 but got a height of 32.000000. This error will be logged once per view in violation.
console.warn: SearchSettings: "get: No settings file exists, new profile?" (new NotFoundError("Could not open the file at /var/folders/d4/k23gj2v97m98_30yp3r83fb80000gn/T/rust_mozprofilepn5iEi/search.json.mozlz4", (void 0)))
console.error: BackgroundUpdate: 
  _reasonsToNotScheduleUpdates: Failed to check for Maintenance Service Registry Key: [Exception... "Component returned failure code: 0x80004001 (NS_ERROR_NOT_IMPLEMENTED) [nsIUpdateProcessor.getServiceRegKeyExists]"  nsresult: "0x80004001 (NS_ERROR_NOT_IMPLEMENTED)"  location: "JS frame :: resource://gre/modules/BackgroundUpdate.jsm :: _reasonsToNotScheduleUpdates :: line 241"  data: no]
1655143229554	Marionette	INFO	Listening on port 53415
DevTools listening on ws://localhost:53403/devtools/browser/68047c1d-949e-484d-85c9-320519b24e27
Read port: 53415
1655143229611	RemoteAgent	WARN	TLS certificate errors will be ignored for this session
1655143229735	Marionette	INFO	Stopped listening on port 53415

###!!! [Parent][PImageBridgeParent] Error: RunMessage(msgname=PImageBridge::Msg_WillClose) Channel closing: too late to send/recv, messages will be lost

1655467908862	geckodriver	INFO	Listening on 127.0.0.1:50209
1655467909203	mozrunner::runner	INFO	Running command: "/Applications/Firefox.app/Contents/MacOS/firefox-bin" "--marionette" "--remote-debugging-port" "50210" "--remote-allow-hosts" "localhost" "-foreground" "-no-remote" "-profile" "/var/folders/d4/k23gj2v97m98_30yp3r83fb80000gn/T/rust_mozprofileLct4zY"
2022-06-17 09:11:49.671 plugin-container[2985:45112] nil host used in call to allowsSpecificHTTPSCertificateForHost
2022-06-17 09:11:49.671 plugin-container[2985:45112] nil host used in call to allowsAnyHTTPSCertificateForHost:
2022-06-17 09:11:49.693 plugin-container[2985:45112] nil host used in call to allowsSpecificHTTPSCertificateForHost
2022-06-17 09:11:49.693 plugin-container[2985:45112] nil host used in call to allowsAnyHTTPSCertificateForHost:
2022-06-17 09:11:49.693 plugin-container[2985:45136] nil host used in call to allowsSpecificHTTPSCertificateForHost
2022-06-17 09:11:49.693 plugin-container[2985:45136] nil host used in call to allowsAnyHTTPSCertificateForHost:
1655467909703	Marionette	INFO	Marionette enabled
WebDriver BiDi listening on ws://localhost:50210
console.warn: SearchSettings: "get: No settings file exists, new profile?" (new NotFoundError("Could not open the file at /var/folders/d4/k23gj2v97m98_30yp3r83fb80000gn/T/rust_mozprofileLct4zY/search.json.mozlz4", (void 0)))
console.error: BackgroundUpdate: 
  _reasonsToNotScheduleUpdates: Failed to check for Maintenance Service Registry Key: [Exception... "Component returned failure code: 0x80004001 (NS_ERROR_NOT_IMPLEMENTED) [nsIUpdateProcessor.getServiceRegKeyExists]"  nsresult: "0x80004001 (NS_ERROR_NOT_IMPLEMENTED)"  location: "JS frame :: resource://gre/modules/BackgroundUpdate.jsm :: _reasonsToNotScheduleUpdates :: line 241"  data: no]
1655467911188	Marionette	INFO	Listening on port 50224
DevTools listening on ws://localhost:50210/devtools/browser/903c6659-995d-49af-bde5-bad76438be78
Read port: 50224
1655467911269	RemoteAgent	WARN	TLS certificate errors will be ignored for this session
1655467911348	Marionette	INFO	Stopped listening on port 50224

###!!! [Parent][PImageBridgeParent] Error: RunMessage(msgname=PImageBridge::Msg_WillClose) Channel closing: too late to send/recv, messages will be lost

1655467971825	geckodriver	INFO	Listening on 127.0.0.1:50238
1655467971832	mozrunner::runner	INFO	Running command: "/Applications/Firefox.app/Contents/MacOS/firefox-bin" "--marionette" "--remote-debugging-port" "50239" "--remote-allow-hosts" "localhost" "-foreground" "-no-remote" "-profile" "/var/folders/d4/k23gj2v97m98_30yp3r83fb80000gn/T/rust_mozprofileU8txaa"
2022-06-17 09:12:52.108 plugin-container[3037:45867] nil host used in call to allowsSpecificHTTPSCertificateForHost
2022-06-17 09:12:52.108 plugin-container[3037:45867] nil host used in call to allowsAnyHTTPSCertificateForHost:
2022-06-17 09:12:52.111 plugin-container[3037:45867] nil host used in call to allowsSpecificHTTPSCertificateForHost
2022-06-17 09:12:52.111 plugin-container[3037:45867] nil host used in call to allowsAnyHTTPSCertificateForHost:
2022-06-17 09:12:52.112 plugin-container[3037:45865] nil host used in call to allowsSpecificHTTPSCertificateForHost
2022-06-17 09:12:52.112 plugin-container[3037:45865] nil host used in call to allowsAnyHTTPSCertificateForHost:
1655467972121	Marionette	INFO	Marionette enabled
WebDriver BiDi listening on ws://localhost:50239
console.warn: SearchSettings: "get: No settings file exists, new profile?" (new NotFoundError("Could not open the file at /var/folders/d4/k23gj2v97m98_30yp3r83fb80000gn/T/rust_mozprofileU8txaa/search.json.mozlz4", (void 0)))
console.error: BackgroundUpdate: 
  _reasonsToNotScheduleUpdates: Failed to check for Maintenance Service Registry Key: [Exception... "Component returned failure code: 0x80004001 (NS_ERROR_NOT_IMPLEMENTED) [nsIUpdateProcessor.getServiceRegKeyExists]"  nsresult: "0x80004001 (NS_ERROR_NOT_IMPLEMENTED)"  location: "JS frame :: resource://gre/modules/BackgroundUpdate.jsm :: _reasonsToNotScheduleUpdates :: line 241"  data: no]
1655467973399	Marionette	INFO	Listening on port 50250
DevTools listening on ws://localhost:50239/devtools/browser/f9d23d5e-5df6-4d7a-a8a1-981e679cc25f
Read port: 50250
1655467973487	RemoteAgent	WARN	TLS certificate errors will be ignored for this session
1655467973547	Marionette	INFO	Stopped listening on port 50250
1655468080871	geckodriver	INFO	Listening on 127.0.0.1:50510
1655468080878	mozrunner::runner	INFO	Running command: "/Applications/Firefox.app/Contents/MacOS/firefox-bin" "--marionette" "--remote-debugging-port" "50511" "--remote-allow-hosts" "localhost" "-foreground" "-no-remote" "-profile" "/var/folders/d4/k23gj2v97m98_30yp3r83fb80000gn/T/rust_mozprofile88EqCf"
2022-06-17 09:14:41.245 plugin-container[3263:47521] nil host used in call to allowsSpecificHTTPSCertificateForHost
2022-06-17 09:14:41.246 plugin-container[3263:47521] nil host used in call to allowsAnyHTTPSCertificateForHost:
2022-06-17 09:14:41.250 plugin-container[3263:47521] nil host used in call to allowsSpecificHTTPSCertificateForHost
2022-06-17 09:14:41.250 plugin-container[3263:47521] nil host used in call to allowsAnyHTTPSCertificateForHost:
2022-06-17 09:14:41.250 plugin-container[3263:47526] nil host used in call to allowsSpecificHTTPSCertificateForHost
2022-06-17 09:14:41.250 plugin-container[3263:47526] nil host used in call to allowsAnyHTTPSCertificateForHost:
1655468081252	Marionette	INFO	Marionette enabled
WebDriver BiDi listening on ws://localhost:50511
console.warn: SearchSettings: "get: No settings file exists, new profile?" (new NotFoundError("Could not open the file at /var/folders/d4/k23gj2v97m98_30yp3r83fb80000gn/T/rust_mozprofile88EqCf/search.json.mozlz4", (void 0)))
console.error: BackgroundUpdate: 
  _reasonsToNotScheduleUpdates: Failed to check for Maintenance Service Registry Key: [Exception... "Component returned failure code: 0x80004001 (NS_ERROR_NOT_IMPLEMENTED) [nsIUpdateProcessor.getServiceRegKeyExists]"  nsresult: "0x80004001 (NS_ERROR_NOT_IMPLEMENTED)"  location: "JS frame :: resource://gre/modules/BackgroundUpdate.jsm :: _reasonsToNotScheduleUpdates :: line 241"  data: no]
1655468082707	Marionette	INFO	Listening on port 50529
DevTools listening on ws://localhost:50511/devtools/browser/c23428d2-bfe8-49c6-b098-ef23092577d1
Read port: 50529
1655468082748	RemoteAgent	WARN	TLS certificate errors will be ignored for this session
1655468082814	Marionette	INFO	Stopped listening on port 50529
1655814940485	geckodriver	INFO	Listening on 127.0.0.1:50528
1655814940827	mozrunner::runner	INFO	Running command: "/Applications/Firefox.app/Contents/MacOS/firefox-bin" "--marionette" "--remote-debugging-port" "50529" "--remote-allow-hosts" "localhost" "-foreground" "-no-remote" "-profile" "/var/folders/d4/k23gj2v97m98_30yp3r83fb80000gn/T/rust_mozprofileEf27sc"
2022-06-21 09:35:41.347 plugin-container[1719:34396] nil host used in call to allowsSpecificHTTPSCertificateForHost
2022-06-21 09:35:41.348 plugin-container[1719:34396] nil host used in call to allowsAnyHTTPSCertificateForHost:
2022-06-21 09:35:41.351 plugin-container[1719:34396] nil host used in call to allowsSpecificHTTPSCertificateForHost
2022-06-21 09:35:41.351 plugin-container[1719:34396] nil host used in call to allowsAnyHTTPSCertificateForHost:
2022-06-21 09:35:41.352 plugin-container[1719:34398] nil host used in call to allowsSpecificHTTPSCertificateForHost
2022-06-21 09:35:41.352 plugin-container[1719:34398] nil host used in call to allowsAnyHTTPSCertificateForHost:
1655814941352	Marionette	INFO	Marionette enabled
WebDriver BiDi listening on ws://localhost:50529
console.warn: SearchSettings: "get: No settings file exists, new profile?" (new NotFoundError("Could not open the file at /var/folders/d4/k23gj2v97m98_30yp3r83fb80000gn/T/rust_mozprofileEf27sc/search.json.mozlz4", (void 0)))
console.error: BackgroundUpdate: 
  _reasonsToNotScheduleUpdates: Failed to check for Maintenance Service Registry Key: [Exception... "Component returned failure code: 0x80004001 (NS_ERROR_NOT_IMPLEMENTED) [nsIUpdateProcessor.getServiceRegKeyExists]"  nsresult: "0x80004001 (NS_ERROR_NOT_IMPLEMENTED)"  location: "JS frame :: resource://gre/modules/BackgroundUpdate.jsm :: _reasonsToNotScheduleUpdates :: line 241"  data: no]
1655814942798	Marionette	INFO	Listening on port 50543
DevTools listening on ws://localhost:50529/devtools/browser/f0e681bb-9f93-4fab-8268-f147a62f618a
Read port: 50543
1655814942913	RemoteAgent	WARN	TLS certificate errors will be ignored for this session
1655814943082	Marionette	INFO	Stopped listening on port 50543
console.error: Region.jsm: "Error fetching region" (new TypeError("NetworkError when attempting to fetch resource.", ""))
console.error: Region.jsm: "Failed to fetch region" (new Error("NO_RESULT", "resource://gre/modules/Region.jsm", 419))

###!!! [Parent][PImageBridgeParent] Error: RunMessage(msgname=PImageBridge::Msg_WillClose) Channel closing: too late to send/recv, messages will be lost

1655815001234	geckodriver	INFO	Listening on 127.0.0.1:50555
1655815001677	mozrunner::runner	INFO	Running command: "/Applications/Firefox.app/Contents/MacOS/firefox-bin" "--marionette" "--remote-debugging-port" "50556" "--remote-allow-hosts" "localhost" "-foreground" "-no-remote" "-profile" "/var/folders/d4/k23gj2v97m98_30yp3r83fb80000gn/T/rust_mozprofileMts2Yc"
2022-06-21 09:36:42.013 plugin-container[1882:35293] nil host used in call to allowsSpecificHTTPSCertificateForHost
2022-06-21 09:36:42.013 plugin-container[1882:35293] nil host used in call to allowsAnyHTTPSCertificateForHost:
2022-06-21 09:36:42.017 plugin-container[1882:35293] nil host used in call to allowsSpecificHTTPSCertificateForHost
2022-06-21 09:36:42.018 plugin-container[1882:35293] nil host used in call to allowsAnyHTTPSCertificateForHost:
2022-06-21 09:36:42.018 plugin-container[1882:35311] nil host used in call to allowsSpecificHTTPSCertificateForHost
2022-06-21 09:36:42.018 plugin-container[1882:35311] nil host used in call to allowsAnyHTTPSCertificateForHost:
1655815002026	Marionette	INFO	Marionette enabled
WebDriver BiDi listening on ws://localhost:50556
console.warn: SearchSettings: "get: No settings file exists, new profile?" (new NotFoundError("Could not open the file at /var/folders/d4/k23gj2v97m98_30yp3r83fb80000gn/T/rust_mozprofileMts2Yc/search.json.mozlz4", (void 0)))
console.error: BackgroundUpdate: 
  _reasonsToNotScheduleUpdates: Failed to check for Maintenance Service Registry Key: [Exception... "Component returned failure code: 0x80004001 (NS_ERROR_NOT_IMPLEMENTED) [nsIUpdateProcessor.getServiceRegKeyExists]"  nsresult: "0x80004001 (NS_ERROR_NOT_IMPLEMENTED)"  location: "JS frame :: resource://gre/modules/BackgroundUpdate.jsm :: _reasonsToNotScheduleUpdates :: line 241"  data: no]
1655815003390	Marionette	INFO	Listening on port 50566
DevTools listening on ws://localhost:50556/devtools/browser/e18a1047-1ea8-405d-a313-f5b51c1c758a
Read port: 50566
1655815003451	RemoteAgent	WARN	TLS certificate errors will be ignored for this session
1655815003514	Marionette	INFO	Stopped listening on port 50566
console.error: Region.jsm: "Error fetching region" (new TypeError("NetworkError when attempting to fetch resource.", ""))
console.error: Region.jsm: "Failed to fetch region" (new Error("NO_RESULT", "resource://gre/modules/Region.jsm", 419))

###!!! [Parent][PImageBridgeParent] Error: RunMessage(msgname=PImageBridge::Msg_WillClose) Channel closing: too late to send/recv, messages will be lost

1655816221767	geckodriver	INFO	Listening on 127.0.0.1:50752
1655816222275	mozrunner::runner	INFO	Running command: "/Applications/Firefox.app/Contents/MacOS/firefox-bin" "--marionette" "--remote-debugging-port" "50753" "--remote-allow-hosts" "localhost" "-foreground" "-no-remote" "-profile" "/var/folders/d4/k23gj2v97m98_30yp3r83fb80000gn/T/rust_mozprofilebjRvLi"
2022-06-21 09:57:02.639 plugin-container[2767:43969] nil host used in call to allowsSpecificHTTPSCertificateForHost
2022-06-21 09:57:02.639 plugin-container[2767:43969] nil host used in call to allowsAnyHTTPSCertificateForHost:
2022-06-21 09:57:02.643 plugin-container[2767:43969] nil host used in call to allowsSpecificHTTPSCertificateForHost
2022-06-21 09:57:02.643 plugin-container[2767:43969] nil host used in call to allowsAnyHTTPSCertificateForHost:
2022-06-21 09:57:02.643 plugin-container[2767:43980] nil host used in call to allowsSpecificHTTPSCertificateForHost
2022-06-21 09:57:02.643 plugin-container[2767:43980] nil host used in call to allowsAnyHTTPSCertificateForHost:
1655816222672	Marionette	INFO	Marionette enabled
WebDriver BiDi listening on ws://localhost:50753
console.warn: SearchSettings: "get: No settings file exists, new profile?" (new NotFoundError("Could not open the file at /var/folders/d4/k23gj2v97m98_30yp3r83fb80000gn/T/rust_mozprofilebjRvLi/search.json.mozlz4", (void 0)))
console.error: BackgroundUpdate: 
  _reasonsToNotScheduleUpdates: Failed to check for Maintenance Service Registry Key: [Exception... "Component returned failure code: 0x80004001 (NS_ERROR_NOT_IMPLEMENTED) [nsIUpdateProcessor.getServiceRegKeyExists]"  nsresult: "0x80004001 (NS_ERROR_NOT_IMPLEMENTED)"  location: "JS frame :: resource://gre/modules/BackgroundUpdate.jsm :: _reasonsToNotScheduleUpdates :: line 241"  data: no]
1655816224042	Marionette	INFO	Listening on port 50764
DevTools listening on ws://localhost:50753/devtools/browser/c9b93c2d-5f8c-40d5-b53d-fdf17d50f9fa
Read port: 50764
1655816224126	RemoteAgent	WARN	TLS certificate errors will be ignored for this session
1655816224200	Marionette	INFO	Stopped listening on port 50764
console.error: Region.jsm: "Error fetching region" (new TypeError("NetworkError when attempting to fetch resource.", ""))
console.error: Region.jsm: "Failed to fetch region" (new Error("NO_RESULT", "resource://gre/modules/Region.jsm", 419))

###!!! [Parent][PImageBridgeParent] Error: RunMessage(msgname=PImageBridge::Msg_WillClose) Channel closing: too late to send/recv, messages will be lost

